2025-08-07 15:06:00 | WARN | repo=ActorCritic | action=commit
2025-06-21 21:16:00 | WARN | repo=ActorCritic | action=commit
2025-12-15 07:50:00 | WARN | repo=ActorCritic | action=commit
2025-03-15 07:01:00 | DEBUG | repo=ActorCritic | action=commit
2025-10-12 09:04:00 | DEBUG | repo=ActorCritic | action=commit
2025-03-03 17:46:00 | INFO | repo=ActorCritic | action=pull
2025-11-07 17:21:00 | INFO | repo=ActorCritic | action=commit
2025-05-19 12:03:00 | WARN | repo=ActorCritic | action=commit
2025-02-04 14:57:00 | INFO | repo=ActorCritic | action=commit
2025-04-22 21:26:00 | WARN | repo=ActorCritic | action=commit
2025-02-28 11:31:00 | WARN | repo=ActorCritic | action=commit
2025-05-16 17:30:00 | INFO | repo=ActorCritic | action=edit | files=1
2025-09-18 08:58:00 | DEBUG | repo=ActorCritic | action=commit
2025-05-10 19:34:00 | DEBUG | repo=ActorCritic | action=edit | files=3
2025-01-13T15:44:00 | nonce=16725520439948641921
2025-01-09T19:53:00 | nonce=1147286874585256823
2025-04-05T17:09:00 | nonce=12027968411628994207
2025-06-03T11:10:00 | nonce=5450364583724719696
2025-12-12T15:43:00 | nonce=17288364831745968206
2025-04-24T18:14:00 | nonce=10577493704088375573
2025-11-19T18:21:00 | nonce=9543992955315494711
2025-11-25T20:34:00 | nonce=4318151342475184521
2025-12-21T16:05:00 | nonce=11779876845981055830
2025-01-29T16:23:00 | nonce=14151229217255505438
2025-03-05T16:22:00 | nonce=767094164824531644
2025-09-10T17:31:00 | nonce=1246941134269980628
